2018-04-17 09:10:45 [127.0.0.1][-][-][error][yii\web\HttpException:404] yii\base\InvalidRouteException: Unable to resolve the request "". in /mnt/d/data/thrift-impl/member-service-impl/vendor/yiisoft/yii2-app-basic/vendor/yiisoft/yii2/base/Module.php:537
Stack trace:
#0 /mnt/d/data/thrift-impl/member-service-impl/vendor/yiisoft/yii2-app-basic/vendor/yiisoft/yii2/web/Application.php(103): yii\base\Module->runAction('', Array)
#1 /mnt/d/data/thrift-impl/member-service-impl/vendor/yiisoft/yii2-app-basic/vendor/yiisoft/yii2/base/Application.php(386): yii\web\Application->handleRequest(Object(yii\web\Request))
#2 /mnt/d/data/thrift-impl/member-service-impl/application/public/index.php(15): yii\base\Application->run()
#3 {main}

Next yii\web\NotFoundHttpException: Page not found. in /mnt/d/data/thrift-impl/member-service-impl/vendor/yiisoft/yii2-app-basic/vendor/yiisoft/yii2/web/Application.php:115
Stack trace:
#0 /mnt/d/data/thrift-impl/member-service-impl/vendor/yiisoft/yii2-app-basic/vendor/yiisoft/yii2/base/Application.php(386): yii\web\Application->handleRequest(Object(yii\web\Request))
#1 /mnt/d/data/thrift-impl/member-service-impl/application/public/index.php(15): yii\base\Application->run()
#2 {main}
2018-04-17 09:10:45 [127.0.0.1][-][-][info][application] $_GET = []

$_POST = []

$_FILES = []

$_COOKIE = []

$_SERVER = [
    'USER' => 'www-data'
    'HOME' => '/var/www'
    'HTTP_CACHE_CONTROL' => 'max-age=0'
    'HTTP_UPGRADE_INSECURE_REQUESTS' => '1'
    'HTTP_CONNECTION' => 'keep-alive'
    'HTTP_ACCEPT_ENCODING' => 'gzip, deflate'
    'HTTP_ACCEPT_LANGUAGE' => 'zh-CN,zh;q=0.8,zh-TW;q=0.7,zh-HK;q=0.5,en-US;q=0.3,en;q=0.2'
    'HTTP_ACCEPT' => 'text/html,application/xhtml+xml,application/xml;q=0.9,*/*;q=0.8'
    'HTTP_USER_AGENT' => 'Mozilla/5.0 (Windows NT 10.0; Win64; x64; rv:59.0) Gecko/20100101 Firefox/59.0'
    'HTTP_HOST' => '127.0.0.1'
    'REDIRECT_STATUS' => '200'
    'SERVER_NAME' => '_'
    'SERVER_PORT' => '80'
    'SERVER_ADDR' => '127.0.0.1'
    'REMOTE_PORT' => '53399'
    'REMOTE_ADDR' => '127.0.0.1'
    'SERVER_SOFTWARE' => 'nginx/1.10.3'
    'GATEWAY_INTERFACE' => 'CGI/1.1'
    'REQUEST_SCHEME' => 'http'
    'SERVER_PROTOCOL' => 'HTTP/1.1'
    'DOCUMENT_ROOT' => '/home/foge/data/thrift-impl/member-service-impl/application/public'
    'DOCUMENT_URI' => '/index.php'
    'REQUEST_URI' => '/index.php'
    'SCRIPT_NAME' => '/index.php'
    'CONTENT_LENGTH' => ''
    'CONTENT_TYPE' => ''
    'REQUEST_METHOD' => 'GET'
    'QUERY_STRING' => ''
    'SCRIPT_FILENAME' => '/home/foge/data/thrift-impl/member-service-impl/application/public/index.php'
    'PATH_INFO' => ''
    'FCGI_ROLE' => 'RESPONDER'
    'PHP_SELF' => '/index.php'
    'REQUEST_TIME_FLOAT' => 1523956245.7055
    'REQUEST_TIME' => 1523956245
]
2018-04-17 09:11:33 [127.0.0.1][-][-][error][yii\web\HttpException:404] yii\base\InvalidRouteException: Unable to resolve the request "". in /mnt/d/data/thrift-impl/member-service-impl/vendor/yiisoft/yii2-app-basic/vendor/yiisoft/yii2/base/Module.php:537
Stack trace:
#0 /mnt/d/data/thrift-impl/member-service-impl/vendor/yiisoft/yii2-app-basic/vendor/yiisoft/yii2/web/Application.php(103): yii\base\Module->runAction('', Array)
#1 /mnt/d/data/thrift-impl/member-service-impl/vendor/yiisoft/yii2-app-basic/vendor/yiisoft/yii2/base/Application.php(386): yii\web\Application->handleRequest(Object(yii\web\Request))
#2 /mnt/d/data/thrift-impl/member-service-impl/application/public/index.php(15): yii\base\Application->run()
#3 {main}

Next yii\web\NotFoundHttpException: Page not found. in /mnt/d/data/thrift-impl/member-service-impl/vendor/yiisoft/yii2-app-basic/vendor/yiisoft/yii2/web/Application.php:115
Stack trace:
#0 /mnt/d/data/thrift-impl/member-service-impl/vendor/yiisoft/yii2-app-basic/vendor/yiisoft/yii2/base/Application.php(386): yii\web\Application->handleRequest(Object(yii\web\Request))
#1 /mnt/d/data/thrift-impl/member-service-impl/application/public/index.php(15): yii\base\Application->run()
#2 {main}
2018-04-17 09:11:33 [127.0.0.1][-][-][info][application] $_GET = []

$_POST = []

$_FILES = []

$_COOKIE = []

$_SERVER = [
    'USER' => 'www-data'
    'HOME' => '/var/www'
    'HTTP_CACHE_CONTROL' => 'max-age=0'
    'HTTP_UPGRADE_INSECURE_REQUESTS' => '1'
    'HTTP_CONNECTION' => 'keep-alive'
    'HTTP_ACCEPT_ENCODING' => 'gzip, deflate'
    'HTTP_ACCEPT_LANGUAGE' => 'zh-CN,zh;q=0.8,zh-TW;q=0.7,zh-HK;q=0.5,en-US;q=0.3,en;q=0.2'
    'HTTP_ACCEPT' => 'text/html,application/xhtml+xml,application/xml;q=0.9,*/*;q=0.8'
    'HTTP_USER_AGENT' => 'Mozilla/5.0 (Windows NT 10.0; Win64; x64; rv:59.0) Gecko/20100101 Firefox/59.0'
    'HTTP_HOST' => '127.0.0.1'
    'REDIRECT_STATUS' => '200'
    'SERVER_NAME' => '_'
    'SERVER_PORT' => '80'
    'SERVER_ADDR' => '127.0.0.1'
    'REMOTE_PORT' => '53399'
    'REMOTE_ADDR' => '127.0.0.1'
    'SERVER_SOFTWARE' => 'nginx/1.10.3'
    'GATEWAY_INTERFACE' => 'CGI/1.1'
    'REQUEST_SCHEME' => 'http'
    'SERVER_PROTOCOL' => 'HTTP/1.1'
    'DOCUMENT_ROOT' => '/home/foge/data/thrift-impl/member-service-impl/application/public'
    'DOCUMENT_URI' => '/index.php'
    'REQUEST_URI' => '/index.php'
    'SCRIPT_NAME' => '/index.php'
    'CONTENT_LENGTH' => ''
    'CONTENT_TYPE' => ''
    'REQUEST_METHOD' => 'GET'
    'QUERY_STRING' => ''
    'SCRIPT_FILENAME' => '/home/foge/data/thrift-impl/member-service-impl/application/public/index.php'
    'PATH_INFO' => ''
    'FCGI_ROLE' => 'RESPONDER'
    'PHP_SELF' => '/index.php'
    'REQUEST_TIME_FLOAT' => 1523956293.1159
    'REQUEST_TIME' => 1523956293
]
2018-04-17 09:12:21 [127.0.0.1][-][-][error][yii\web\HttpException:404] yii\base\InvalidRouteException: Unable to resolve the request "". in /mnt/d/data/thrift-impl/member-service-impl/vendor/yiisoft/yii2-app-basic/vendor/yiisoft/yii2/base/Module.php:537
Stack trace:
#0 /mnt/d/data/thrift-impl/member-service-impl/vendor/yiisoft/yii2-app-basic/vendor/yiisoft/yii2/web/Application.php(103): yii\base\Module->runAction('', Array)
#1 /mnt/d/data/thrift-impl/member-service-impl/vendor/yiisoft/yii2-app-basic/vendor/yiisoft/yii2/base/Application.php(386): yii\web\Application->handleRequest(Object(yii\web\Request))
#2 /mnt/d/data/thrift-impl/member-service-impl/application/public/index.php(15): yii\base\Application->run()
#3 {main}

Next yii\web\NotFoundHttpException: Page not found. in /mnt/d/data/thrift-impl/member-service-impl/vendor/yiisoft/yii2-app-basic/vendor/yiisoft/yii2/web/Application.php:115
Stack trace:
#0 /mnt/d/data/thrift-impl/member-service-impl/vendor/yiisoft/yii2-app-basic/vendor/yiisoft/yii2/base/Application.php(386): yii\web\Application->handleRequest(Object(yii\web\Request))
#1 /mnt/d/data/thrift-impl/member-service-impl/application/public/index.php(15): yii\base\Application->run()
#2 {main}
2018-04-17 09:12:21 [127.0.0.1][-][-][info][application] $_GET = [
    'debug' => ''
]

$_POST = []

$_FILES = []

$_COOKIE = []

$_SERVER = [
    'USER' => 'www-data'
    'HOME' => '/var/www'
    'HTTP_UPGRADE_INSECURE_REQUESTS' => '1'
    'HTTP_CONNECTION' => 'keep-alive'
    'HTTP_ACCEPT_ENCODING' => 'gzip, deflate'
    'HTTP_ACCEPT_LANGUAGE' => 'zh-CN,zh;q=0.8,zh-TW;q=0.7,zh-HK;q=0.5,en-US;q=0.3,en;q=0.2'
    'HTTP_ACCEPT' => 'text/html,application/xhtml+xml,application/xml;q=0.9,*/*;q=0.8'
    'HTTP_USER_AGENT' => 'Mozilla/5.0 (Windows NT 10.0; Win64; x64; rv:59.0) Gecko/20100101 Firefox/59.0'
    'HTTP_HOST' => '127.0.0.1'
    'REDIRECT_STATUS' => '200'
    'SERVER_NAME' => '_'
    'SERVER_PORT' => '80'
    'SERVER_ADDR' => '127.0.0.1'
    'REMOTE_PORT' => '53399'
    'REMOTE_ADDR' => '127.0.0.1'
    'SERVER_SOFTWARE' => 'nginx/1.10.3'
    'GATEWAY_INTERFACE' => 'CGI/1.1'
    'REQUEST_SCHEME' => 'http'
    'SERVER_PROTOCOL' => 'HTTP/1.1'
    'DOCUMENT_ROOT' => '/home/foge/data/thrift-impl/member-service-impl/application/public'
    'DOCUMENT_URI' => '/index.php'
    'REQUEST_URI' => '/index.php?debug'
    'SCRIPT_NAME' => '/index.php'
    'CONTENT_LENGTH' => ''
    'CONTENT_TYPE' => ''
    'REQUEST_METHOD' => 'GET'
    'QUERY_STRING' => 'debug'
    'SCRIPT_FILENAME' => '/home/foge/data/thrift-impl/member-service-impl/application/public/index.php'
    'PATH_INFO' => ''
    'FCGI_ROLE' => 'RESPONDER'
    'PHP_SELF' => '/index.php'
    'REQUEST_TIME_FLOAT' => 1523956341.2984
    'REQUEST_TIME' => 1523956341
]
2018-04-17 09:12:24 [127.0.0.1][-][-][error][yii\web\HttpException:404] yii\base\InvalidRouteException: Unable to resolve the request "". in /mnt/d/data/thrift-impl/member-service-impl/vendor/yiisoft/yii2-app-basic/vendor/yiisoft/yii2/base/Module.php:537
Stack trace:
#0 /mnt/d/data/thrift-impl/member-service-impl/vendor/yiisoft/yii2-app-basic/vendor/yiisoft/yii2/web/Application.php(103): yii\base\Module->runAction('', Array)
#1 /mnt/d/data/thrift-impl/member-service-impl/vendor/yiisoft/yii2-app-basic/vendor/yiisoft/yii2/base/Application.php(386): yii\web\Application->handleRequest(Object(yii\web\Request))
#2 /mnt/d/data/thrift-impl/member-service-impl/application/public/index.php(15): yii\base\Application->run()
#3 {main}

Next yii\web\NotFoundHttpException: Page not found. in /mnt/d/data/thrift-impl/member-service-impl/vendor/yiisoft/yii2-app-basic/vendor/yiisoft/yii2/web/Application.php:115
Stack trace:
#0 /mnt/d/data/thrift-impl/member-service-impl/vendor/yiisoft/yii2-app-basic/vendor/yiisoft/yii2/base/Application.php(386): yii\web\Application->handleRequest(Object(yii\web\Request))
#1 /mnt/d/data/thrift-impl/member-service-impl/application/public/index.php(15): yii\base\Application->run()
#2 {main}
2018-04-17 09:12:24 [127.0.0.1][-][-][info][application] $_GET = [
    'debug' => '1'
]

$_POST = []

$_FILES = []

$_COOKIE = []

$_SERVER = [
    'USER' => 'www-data'
    'HOME' => '/var/www'
    'HTTP_UPGRADE_INSECURE_REQUESTS' => '1'
    'HTTP_CONNECTION' => 'keep-alive'
    'HTTP_ACCEPT_ENCODING' => 'gzip, deflate'
    'HTTP_ACCEPT_LANGUAGE' => 'zh-CN,zh;q=0.8,zh-TW;q=0.7,zh-HK;q=0.5,en-US;q=0.3,en;q=0.2'
    'HTTP_ACCEPT' => 'text/html,application/xhtml+xml,application/xml;q=0.9,*/*;q=0.8'
    'HTTP_USER_AGENT' => 'Mozilla/5.0 (Windows NT 10.0; Win64; x64; rv:59.0) Gecko/20100101 Firefox/59.0'
    'HTTP_HOST' => '127.0.0.1'
    'REDIRECT_STATUS' => '200'
    'SERVER_NAME' => '_'
    'SERVER_PORT' => '80'
    'SERVER_ADDR' => '127.0.0.1'
    'REMOTE_PORT' => '53399'
    'REMOTE_ADDR' => '127.0.0.1'
    'SERVER_SOFTWARE' => 'nginx/1.10.3'
    'GATEWAY_INTERFACE' => 'CGI/1.1'
    'REQUEST_SCHEME' => 'http'
    'SERVER_PROTOCOL' => 'HTTP/1.1'
    'DOCUMENT_ROOT' => '/home/foge/data/thrift-impl/member-service-impl/application/public'
    'DOCUMENT_URI' => '/index.php'
    'REQUEST_URI' => '/index.php?debug=1'
    'SCRIPT_NAME' => '/index.php'
    'CONTENT_LENGTH' => ''
    'CONTENT_TYPE' => ''
    'REQUEST_METHOD' => 'GET'
    'QUERY_STRING' => 'debug=1'
    'SCRIPT_FILENAME' => '/home/foge/data/thrift-impl/member-service-impl/application/public/index.php'
    'PATH_INFO' => ''
    'FCGI_ROLE' => 'RESPONDER'
    'PHP_SELF' => '/index.php'
    'REQUEST_TIME_FLOAT' => 1523956344.8492
    'REQUEST_TIME' => 1523956344
]
2018-04-17 09:14:57 [127.0.0.1][-][-][error][yii\web\HttpException:404] yii\base\InvalidRouteException: Unable to resolve the request "". in /mnt/d/data/thrift-impl/member-service-impl/vendor/yiisoft/yii2-app-basic/vendor/yiisoft/yii2/base/Module.php:537
Stack trace:
#0 /mnt/d/data/thrift-impl/member-service-impl/vendor/yiisoft/yii2-app-basic/vendor/yiisoft/yii2/web/Application.php(103): yii\base\Module->runAction('', Array)
#1 /mnt/d/data/thrift-impl/member-service-impl/vendor/yiisoft/yii2-app-basic/vendor/yiisoft/yii2/base/Application.php(386): yii\web\Application->handleRequest(Object(yii\web\Request))
#2 /mnt/d/data/thrift-impl/member-service-impl/application/public/index.php(15): yii\base\Application->run()
#3 {main}

Next yii\web\NotFoundHttpException: Page not found. in /mnt/d/data/thrift-impl/member-service-impl/vendor/yiisoft/yii2-app-basic/vendor/yiisoft/yii2/web/Application.php:115
Stack trace:
#0 /mnt/d/data/thrift-impl/member-service-impl/vendor/yiisoft/yii2-app-basic/vendor/yiisoft/yii2/base/Application.php(386): yii\web\Application->handleRequest(Object(yii\web\Request))
#1 /mnt/d/data/thrift-impl/member-service-impl/application/public/index.php(15): yii\base\Application->run()
#2 {main}
2018-04-17 09:14:57 [127.0.0.1][-][-][info][application] $_GET = []

$_POST = []

$_FILES = []

$_COOKIE = []

$_SERVER = [
    'USER' => 'www-data'
    'HOME' => '/var/www'
    'HTTP_UPGRADE_INSECURE_REQUESTS' => '1'
    'HTTP_CONNECTION' => 'keep-alive'
    'HTTP_ACCEPT_ENCODING' => 'gzip, deflate'
    'HTTP_ACCEPT_LANGUAGE' => 'zh-CN,zh;q=0.8,zh-TW;q=0.7,zh-HK;q=0.5,en-US;q=0.3,en;q=0.2'
    'HTTP_ACCEPT' => 'text/html,application/xhtml+xml,application/xml;q=0.9,*/*;q=0.8'
    'HTTP_USER_AGENT' => 'Mozilla/5.0 (Windows NT 10.0; Win64; x64; rv:59.0) Gecko/20100101 Firefox/59.0'
    'HTTP_HOST' => '127.0.0.1'
    'REDIRECT_STATUS' => '200'
    'SERVER_NAME' => '_'
    'SERVER_PORT' => '80'
    'SERVER_ADDR' => '127.0.0.1'
    'REMOTE_PORT' => '53474'
    'REMOTE_ADDR' => '127.0.0.1'
    'SERVER_SOFTWARE' => 'nginx/1.10.3'
    'GATEWAY_INTERFACE' => 'CGI/1.1'
    'REQUEST_SCHEME' => 'http'
    'SERVER_PROTOCOL' => 'HTTP/1.1'
    'DOCUMENT_ROOT' => '/home/foge/data/thrift-impl/member-service-impl/application/public'
    'DOCUMENT_URI' => '/index.php'
    'REQUEST_URI' => '/index.php'
    'SCRIPT_NAME' => '/index.php'
    'CONTENT_LENGTH' => ''
    'CONTENT_TYPE' => ''
    'REQUEST_METHOD' => 'GET'
    'QUERY_STRING' => ''
    'SCRIPT_FILENAME' => '/home/foge/data/thrift-impl/member-service-impl/application/public/index.php'
    'PATH_INFO' => ''
    'FCGI_ROLE' => 'RESPONDER'
    'PHP_SELF' => '/index.php'
    'REQUEST_TIME_FLOAT' => 1523956497.0748
    'REQUEST_TIME' => 1523956497
]
